TN:
SF:C:\Users\Administrator\Desktop\react\redux--2\react-redux-starter-kit\src\layouts\CoreLayout\CoreLayout.js
FN:13,_interopRequireDefault
FN:24,CoreLayout
FNF:2
FNH:2
FNDA:1,_interopRequireDefault
FNDA:1,CoreLayout
DA:0,1
DA:1,1
DA:2,1
DA:13,1
DA:14,1
DA:23,1
LF:6
LH:6
BRDA:13,1,0,0
BRDA:13,1,1,1
BRDA:13,2,0,1
BRDA:13,2,1,1
BRF:4
BRH:4
end_of_record
TN:
SF:C:\Users\Administrator\Desktop\react\redux--2\react-redux-starter-kit\src\redux\modules\counter.js
FN:19,_interopRequireDefault
FN:34,increment
FN:49,doubleAsync
FN:50,(anonymous_4)
FN:51,(anonymous_5)
FN:52,(anonymous_6)
FN:68,(anonymous_7)
FN:76,counterReducer
FNF:8
FNH:8
FNDA:2,_interopRequireDefault
FNDA:11,increment
FNDA:5,doubleAsync
FNDA:4,(anonymous_4)
FNDA:4,(anonymous_5)
FNDA:4,(anonymous_6)
FNDA:8,(anonymous_7)
FNDA:20,counterReducer
DA:0,20
DA:5,1
DA:15,1
DA:16,11
DA:28,1
DA:29,5
DA:30,4
DA:31,4
DA:32,4
DA:33,4
DA:39,1
DA:47,1
DA:54,1
DA:55,1
DA:56,20
DA:58,20
LF:16
LH:16
BRDA:19,1,0,2
BRDA:19,1,1,0
BRDA:19,2,0,2
BRDA:19,2,1,2
BRDA:35,3,0,2
BRDA:35,3,1,9
BRDA:35,4,0,11
BRDA:35,4,1,9
BRDA:77,5,0,10
BRDA:77,5,1,10
BRDA:77,6,0,20
BRDA:77,6,1,20
BRDA:82,7,0,8
BRDA:82,7,1,12
BRF:14
BRH:14
end_of_record
TN:
SF:C:\Users\Administrator\Desktop\react\redux--2\react-redux-starter-kit\src\views\HomeView\HomeView.js
FN:40,_interopRequireDefault
FN:55,(anonymous_2)
FN:58,HomeView
FN:65,render
FN:114,mapStateToProps
FN:120,increment
FNF:6
FNH:4
FNDA:7,_interopRequireDefault
FNDA:1,(anonymous_2)
FNDA:20,HomeView
FNDA:20,render
FNDA:0,mapStateToProps
FNDA:0,increment
DA:0,20
DA:2,1
DA:3,1
DA:4,1
DA:5,1
DA:31,20
DA:52,1
LF:7
LH:7
BRDA:40,1,0,5
BRDA:40,1,1,2
BRDA:40,2,0,7
BRDA:40,2,1,7
BRF:4
BRH:4
end_of_record
TN:
SF:C:\Users\Administrator\Desktop\react\redux--2\react-redux-starter-kit\src\containers\DevTools.js
FN:21,_interopRequireDefault
FNF:1
FNH:1
FNDA:3,_interopRequireDefault
DA:0,3
DA:1,1
DA:2,1
DA:3,1
DA:4,1
LF:5
LH:5
BRDA:21,1,0,2
BRDA:21,1,1,1
BRDA:21,2,0,3
BRDA:21,2,1,3
BRF:4
BRH:4
end_of_record
TN:
SF:C:\Users\Administrator\Desktop\react\redux--2\react-redux-starter-kit\src\containers\DevToolsWindow.js
FN:17,_interopRequireDefault
FNF:1
FNH:1
FNDA:2,_interopRequireDefault
DA:0,2
DA:1,1
DA:2,1
DA:3,1
LF:4
LH:4
BRDA:17,1,0,1
BRDA:17,1,1,1
BRDA:17,2,0,2
BRDA:17,2,1,2
BRF:4
BRH:4
end_of_record
TN:
SF:C:\Users\Administrator\Desktop\react\redux--2\react-redux-starter-kit\src\containers\Root.js
FN:35,_interopRequireDefault
FN:37,(anonymous_2)
FN:40,Root
FN:47,render
FN:61,get
FN:70,get
FNF:6
FNH:6
FNDA:6,_interopRequireDefault
FNDA:1,(anonymous_2)
FNDA:0,Root
FNDA:0,render
FNDA:0,get
FNDA:0,get
DA:0,6
DA:1,1
DA:2,1
DA:3,1
DA:13,0
DA:21,0
DA:22,0
DA:23,0
DA:24,0
DA:26,0
DA:28,0
DA:29,0
DA:30,0
DA:36,0
LF:14
LH:4
BRDA:35,1,0,5
BRDA:35,1,1,1
BRDA:35,2,0,6
BRDA:35,2,1,6
BRDA:71,3,0,0
BRDA:71,3,1,0
BRDA:72,4,0,0
BRDA:72,4,1,0
BRDA:73,5,0,0
BRDA:73,5,1,0
BRDA:78,6,0,0
BRDA:78,6,1,0
BRF:12
BRH:4
end_of_record
TN:
SF:C:\Users\Administrator\Desktop\react\redux--2\react-redux-starter-kit\src\layouts\CoreLayout\index.js
FN:11,_interopRequireDefault
FNF:1
FNH:1
FNDA:1,_interopRequireDefault
DA:0,1
DA:1,1
LF:2
LH:2
BRDA:11,1,0,1
BRDA:11,1,1,0
BRDA:11,2,0,1
BRDA:11,2,1,1
BRF:4
BRH:4
end_of_record
TN:
SF:C:\Users\Administrator\Desktop\react\redux--2\react-redux-starter-kit\src\redux\List\List.js
FN:9,postData
FNF:1
FNH:0
FNDA:0,postData
DA:0,1
DA:1,1
DA:3,1
DA:4,0
LF:4
LH:3
BRF:0
BRH:0
end_of_record
TN:
SF:C:\Users\Administrator\Desktop\react\redux--2\react-redux-starter-kit\src\redux\configureStore.js
FN:20,_interopRequireDefault
FN:22,configureStore
FN:37,(anonymous_3)
FNF:3
FNH:1
FNDA:2,_interopRequireDefault
FNDA:0,configureStore
FNDA:0,(anonymous_3)
DA:0,2
DA:1,1
DA:2,1
DA:3,1
DA:4,1
DA:6,1
DA:8,0
DA:9,0
DA:10,0
DA:13,0
DA:19,0
DA:20,0
DA:21,0
DA:23,0
DA:26,0
LF:15
LH:6
BRDA:20,1,0,2
BRDA:20,1,1,0
BRDA:20,2,0,2
BRDA:20,2,1,2
BRDA:23,3,0,0
BRDA:23,3,1,0
BRDA:23,4,0,0
BRDA:23,4,1,0
BRDA:28,5,0,0
BRDA:28,5,1,0
BRDA:29,6,0,0
BRDA:29,6,1,0
BRDA:36,7,0,0
BRDA:36,7,1,0
BRF:14
BRH:4
end_of_record
TN:
SF:C:\Users\Administrator\Desktop\react\redux--2\react-redux-starter-kit\src\redux\rootReducer.js
FN:15,_interopRequireDefault
FNF:1
FNH:1
FNDA:1,_interopRequireDefault
DA:0,1
DA:1,1
DA:2,1
DA:3,1
LF:4
LH:4
BRDA:15,1,0,1
BRDA:15,1,1,0
BRDA:15,2,0,1
BRDA:15,2,1,1
BRF:4
BRH:4
end_of_record
TN:
SF:C:\Users\Administrator\Desktop\react\redux--2\react-redux-starter-kit\src\redux\utils\createDevToolsWindow.js
FN:22,_interopRequireDefault
FN:24,createDevToolsWindow
FN:32,(anonymous_3)
FNF:3
FNH:1
FNDA:3,_interopRequireDefault
FNDA:0,createDevToolsWindow
FNDA:0,(anonymous_3)
DA:0,3
DA:1,1
DA:2,1
DA:3,1
DA:4,1
DA:6,1
DA:7,0
DA:20,0
DA:21,0
DA:23,0
LF:10
LH:6
BRDA:22,1,0,1
BRDA:22,1,1,2
BRDA:22,2,0,3
BRDA:22,2,1,3
BRF:4
BRH:4
end_of_record
TN:
SF:C:\Users\Administrator\Desktop\react\redux--2\react-redux-starter-kit\src\routes\index.js
FN:21,_interopRequireDefault
FN:29,(anonymous_2)
FNF:2
FNH:1
FNDA:3,_interopRequireDefault
FNDA:0,(anonymous_2)
DA:0,3
DA:1,1
DA:2,1
DA:9,1
DA:10,1
LF:5
LH:5
BRDA:21,1,0,2
BRDA:21,1,1,1
BRDA:21,2,0,3
BRDA:21,2,1,3
BRF:4
BRH:4
end_of_record
TN:
SF:C:\Users\Administrator\Desktop\react\redux--2\react-redux-starter-kit\src\views\HomeView\index.js
FN:11,_interopRequireDefault
FNF:1
FNH:1
FNDA:1,_interopRequireDefault
DA:0,1
DA:1,1
LF:2
LH:2
BRDA:11,1,0,1
BRDA:11,1,1,0
BRDA:11,2,0,1
BRDA:11,2,1,1
BRF:4
BRH:4
end_of_record
TN:
SF:C:\Users\Administrator\Desktop\react\redux--2\react-redux-starter-kit\src\views\List\List.js
FN:34,_interopRequireDefault
FN:36,(anonymous_2)
FN:39,List
FN:46,render
FN:87,mapStateToProps
FNF:5
FNH:3
FNDA:6,_interopRequireDefault
FNDA:1,(anonymous_2)
FNDA:0,List
FNDA:0,render
FNDA:0,mapStateToProps
DA:0,6
DA:2,1
DA:3,1
DA:9,1
DA:13,1
DA:17,0
DA:30,1
LF:7
LH:6
BRDA:34,1,0,5
BRDA:34,1,1,1
BRDA:34,2,0,6
BRDA:34,2,1,6
BRF:4
BRH:4
end_of_record
